<?xml version="1.0" encoding="UTF-8"?>
<!-- Generated by org.testng.reporters.JUnitXMLReporter -->
<testsuite hostname="DESKTOP-UUV9U2N" ignored="0" name="Command line test" tests="2" failures="2" timestamp="2020-05-23T23:38:55 IST" time="9.545" errors="0">
  <testcase name="getJiraTestSteptatus" time="4.795" classname="jiraApiTest.GetAPITests">
    <failure type="java.lang.AssertionError" message="expected [403] but found [200]">
      <![CDATA[java.lang.AssertionError: expected [403] but found [200]
at jiraApiTest.GetAPITests.getJiraTestSteptatus(GetAPITests.java:47)
at java.util.ArrayList.forEach(ArrayList.java:1257)
... Removed 41 stack frames]]>
    </failure>
  </testcase> <!-- getJiraTestSteptatus -->
  <testcase name="getJiraTestSteptatus" time="0.943" classname="jiraApiTest.GetAPITests">
    <failure type="java.lang.AssertionError" message="expected [403] but found [200]">
      <![CDATA[java.lang.AssertionError: expected [403] but found [200]
at jiraApiTest.GetAPITests.getJiraTestSteptatus(GetAPITests.java:47)
at java.util.ArrayList.forEach(ArrayList.java:1257)
... Removed 41 stack frames]]>
    </failure>
  </testcase> <!-- getJiraTestSteptatus -->
</testsuite> <!-- Command line test -->
