<?xml version="1.0" encoding="UTF-8"?>
<!-- Generated by org.testng.reporters.JUnitXMLReporter -->
<testsuite hostname="DESKTOP-UUV9U2N" ignored="0" name="Test" tests="2" failures="2" timestamp="2020-05-23T23:08:16 IST" time="8.383" errors="0">
  <testcase name="getJiraTestSteptatus" time="4.546" classname="jiraApiTest.GetAPITests">
    <failure type="java.lang.AssertionError" message="expected [403] but found [200]">
      <![CDATA[java.lang.AssertionError: expected [403] but found [200]
at jiraApiTest.GetAPITests.getJiraTestSteptatus(GetAPITests.java:47)
at java.util.ArrayList.forEach(ArrayList.java:1257)
... Removed 36 stack frames]]>
    </failure>
  </testcase> <!-- getJiraTestSteptatus -->
  <testcase name="getJiraTestSteptatus" time="1.058" classname="jiraApiTest.GetAPITests">
    <failure type="java.lang.AssertionError" message="expected [403] but found [200]">
      <![CDATA[java.lang.AssertionError: expected [403] but found [200]
at jiraApiTest.GetAPITests.getJiraTestSteptatus(GetAPITests.java:47)
at java.util.ArrayList.forEach(ArrayList.java:1257)
... Removed 36 stack frames]]>
    </failure>
  </testcase> <!-- getJiraTestSteptatus -->
</testsuite> <!-- Test -->
