<?xml version="1.0" encoding="UTF-8"?>
<!-- Generated by org.testng.reporters.JUnitXMLReporter -->
<testsuite hostname="DESKTOP-UUV9U2N" ignored="0" name="Command line test" tests="2" failures="1" timestamp="2020-05-24T11:09:03 IST" time="14.274" errors="0">
  <testcase name="getJiraTestSteptatus" time="7.561" classname="com.niit.jiraApiTest.GetAPITests"/>
  <testcase name="getJiraTestSteptatus" time="0.932" classname="com.niit.jiraApiTest.GetAPITests">
    <failure type="java.lang.AssertionError" message="expected [404] but found [200]">
      <![CDATA[java.lang.AssertionError: expected [404] but found [200]
at com.niit.jiraApiTest.GetAPITests.getJiraTestSteptatus(GetAPITests.java:46)
at java.util.ArrayList.forEach(ArrayList.java:1257)
... Removed 41 stack frames]]>
    </failure>
  </testcase> <!-- getJiraTestSteptatus -->
</testsuite> <!-- Command line test -->
