<?xml version="1.0" encoding="UTF-8" ?>
<testsuite tests="2" failures="2" name="jiraApiTest.GetAPITests" time="5.791" errors="0" skipped="0">
  <properties>
[...]
</properties>
  <testcase classname="jiraApiTest.GetAPITests" name="getJiraTestSteptatus" time="4.849">
    <failure message="expected [403] but found [200]" type="java.lang.AssertionError">java.lang.AssertionError: expected [403] but found [200]
	at org.testng.Assert.fail(Assert.java:97)
	at org.testng.Assert.assertEqualsImpl(Assert.java:136)
	at org.testng.Assert.assertEquals(Assert.java:118)
	at org.testng.Assert.assertEquals(Assert.java:839)
	at org.testng.Assert.assertEquals(Assert.java:849)
	at jiraApiTest.GetAPITests.getJiraTestSteptatus(GetAPITests.java:47)
</failure>
    <system-out>Configuring TestNG with: org.apache.maven.surefire.testng.conf.TestNG652Configurator@5c0369c4
/rest/raven/1.0/api/settings/teststepstatuses
Content-Typeapplicationjson
/rest/raven/1.0/api/settings/teststepstatuses
Content-Typeapplicationjson
</system-out>
  </testcase>
  <testcase classname="jiraApiTest.GetAPITests" name="getJiraTestSteptatus" time="0.942">
    <failure message="expected [403] but found [200]" type="java.lang.AssertionError">java.lang.AssertionError: expected [403] but found [200]
	at org.testng.Assert.fail(Assert.java:97)
	at org.testng.Assert.assertEqualsImpl(Assert.java:136)
	at org.testng.Assert.assertEquals(Assert.java:118)
	at org.testng.Assert.assertEquals(Assert.java:839)
	at org.testng.Assert.assertEquals(Assert.java:849)
	at jiraApiTest.GetAPITests.getJiraTestSteptatus(GetAPITests.java:47)
</failure>
  </testcase>
</testsuite>