<?xml version="1.0" encoding="UTF-8"?>
<testng-results skipped="0" failed="1" ignored="0" total="2" passed="1">
  <reporter-output>
  </reporter-output>
  <suite name="com.niit.jiraApiTest.GetAPITests" duration-ms="14274" started-at="2020-05-24T11:08:48 IST" finished-at="2020-05-24T11:09:03 IST">
    <groups>
    </groups>
    <test name="Command line test" duration-ms="14274" started-at="2020-05-24T11:08:48 IST" finished-at="2020-05-24T11:09:03 IST">
      <class name="com.niit.jiraApiTest.GetAPITests">
        <test-method status="PASS" signature="loginTest()[pri:0, instance:com.niit.jiraApiTest.GetAPITests@49993335]" name="loginTest" is-config="true" duration-ms="1310" started-at="2020-05-24T11:08:48 IST" finished-at="2020-05-24T11:08:50 IST">
          <reporter-output>
          </reporter-output>
        </test-method> <!-- loginTest -->
        <test-method status="PASS" signature="getJiraTestSteptatus(java.lang.String, java.lang.String, java.lang.String, java.lang.String)[pri:0, instance:com.niit.jiraApiTest.GetAPITests@49993335]" name="getJiraTestSteptatus" duration-ms="7561" started-at="2020-05-24T11:08:52 IST" data-provider="getTestData" finished-at="2020-05-24T11:08:59 IST">
          <params>
            <param index="0">
              <value>
                <![CDATA[/rest/raven/1.0/api/settings/teststepstatuses]]>
              </value>
            </param>
            <param index="1">
              <value>
                <![CDATA[Content-Type]]>
              </value>
            </param>
            <param index="2">
              <value>
                <![CDATA[application]]>
              </value>
            </param>
            <param index="3">
              <value>
                <![CDATA[json]]>
              </value>
            </param>
          </params>
          <reporter-output>
          </reporter-output>
        </test-method> <!-- getJiraTestSteptatus -->
        <test-method status="PASS" signature="getResult(org.testng.ITestResult)[pri:0, instance:com.niit.jiraApiTest.GetAPITests@49993335]" name="getResult" is-config="true" duration-ms="16" started-at="2020-05-24T11:08:59 IST" finished-at="2020-05-24T11:08:59 IST">
          <params>
            <param index="0">
              <value>
                <![CDATA[[TestResult name=getJiraTestSteptatus status=SUCCESS method=GetAPITests.getJiraTestSteptatus(java.lang.String, java.lang.String, java.lang.String, java.lang.String)[pri:0, instance:com.niit.jiraApiTest.GetAPITests@49993335] output={null}]]]>
              </value>
            </param>
          </params>
          <reporter-output>
          </reporter-output>
        </test-method> <!-- getResult -->
        <test-method status="FAIL" signature="getJiraTestSteptatus(java.lang.String, java.lang.String, java.lang.String, java.lang.String)[pri:0, instance:com.niit.jiraApiTest.GetAPITests@49993335]" name="getJiraTestSteptatus" duration-ms="932" started-at="2020-05-24T11:08:59 IST" data-provider="getTestData" finished-at="2020-05-24T11:09:00 IST">
          <params>
            <param index="0">
              <value>
                <![CDATA[abc]]>
              </value>
            </param>
            <param index="1">
              <value>
                <![CDATA[Content-Type]]>
              </value>
            </param>
            <param index="2">
              <value>
                <![CDATA[application]]>
              </value>
            </param>
            <param index="3">
              <value>
                <![CDATA[json]]>
              </value>
            </param>
          </params>
          <exception class="java.lang.AssertionError">
            <message>
              <![CDATA[expected [404] but found [200]]]>
            </message>
            <full-stacktrace>
              <![CDATA[java.lang.AssertionError: expected [404] but found [200]
at org.testng.Assert.fail(Assert.java:97)
at org.testng.Assert.assertEqualsImpl(Assert.java:136)
at org.testng.Assert.assertEquals(Assert.java:118)
at org.testng.Assert.assertEquals(Assert.java:839)
at org.testng.Assert.assertEquals(Assert.java:849)
at com.niit.jiraApiTest.GetAPITests.getJiraTestSteptatus(GetAPITests.java:46)
at sun.reflect.NativeMethodAccessorImpl.invoke0(Native Method)
at sun.reflect.NativeMethodAccessorImpl.invoke(NativeMethodAccessorImpl.java:62)
at sun.reflect.DelegatingMethodAccessorImpl.invoke(DelegatingMethodAccessorImpl.java:43)
at java.lang.reflect.Method.invoke(Method.java:498)
at org.testng.internal.MethodInvocationHelper.invokeMethod(MethodInvocationHelper.java:134)
at org.testng.internal.TestInvoker.invokeMethod(TestInvoker.java:597)
at org.testng.internal.TestInvoker.invokeTestMethod(TestInvoker.java:173)
at org.testng.internal.MethodRunner.runInSequence(MethodRunner.java:46)
at org.testng.internal.TestInvoker$MethodInvocationAgent.invoke(TestInvoker.java:816)
at org.testng.internal.TestInvoker.invokeTestMethods(TestInvoker.java:146)
at org.testng.internal.TestMethodWorker.invokeTestMethods(TestMethodWorker.java:146)
at org.testng.internal.TestMethodWorker.run(TestMethodWorker.java:128)
at java.util.ArrayList.forEach(ArrayList.java:1257)
at org.testng.TestRunner.privateRun(TestRunner.java:766)
at org.testng.TestRunner.run(TestRunner.java:587)
at org.testng.SuiteRunner.runTest(SuiteRunner.java:384)
at org.testng.SuiteRunner.runSequentially(SuiteRunner.java:378)
at org.testng.SuiteRunner.privateRun(SuiteRunner.java:337)
at org.testng.SuiteRunner.run(SuiteRunner.java:286)
at org.testng.SuiteRunnerWorker.runSuite(SuiteRunnerWorker.java:53)
at org.testng.SuiteRunnerWorker.run(SuiteRunnerWorker.java:96)
at org.testng.TestNG.runSuitesSequentially(TestNG.java:1187)
at org.testng.TestNG.runSuitesLocally(TestNG.java:1109)
at org.testng.TestNG.runSuites(TestNG.java:1039)
at org.testng.TestNG.run(TestNG.java:1007)
at org.apache.maven.surefire.testng.TestNGExecutor.run(TestNGExecutor.java:77)
at org.apache.maven.surefire.testng.TestNGDirectoryTestSuite.execute(TestNGDirectoryTestSuite.java:110)
at org.apache.maven.surefire.testng.TestNGProvider.invoke(TestNGProvider.java:106)
at sun.reflect.NativeMethodAccessorImpl.invoke0(Native Method)
at sun.reflect.NativeMethodAccessorImpl.invoke(NativeMethodAccessorImpl.java:62)
at sun.reflect.DelegatingMethodAccessorImpl.invoke(DelegatingMethodAccessorImpl.java:43)
at java.lang.reflect.Method.invoke(Method.java:498)
at org.apache.maven.surefire.util.ReflectionUtils.invokeMethodWithArray(ReflectionUtils.java:189)
at org.apache.maven.surefire.booter.ProviderFactory$ProviderProxy.invoke(ProviderFactory.java:165)
at org.apache.maven.surefire.booter.ProviderFactory.invokeProvider(ProviderFactory.java:85)
at org.apache.maven.surefire.booter.ForkedBooter.runSuitesInProcess(ForkedBooter.java:115)
at org.apache.maven.surefire.booter.ForkedBooter.main(ForkedBooter.java:75)
]]>
            </full-stacktrace>
          </exception> <!-- java.lang.AssertionError -->
          <reporter-output>
          </reporter-output>
        </test-method> <!-- getJiraTestSteptatus -->
        <test-method status="PASS" signature="getResult(org.testng.ITestResult)[pri:0, instance:com.niit.jiraApiTest.GetAPITests@49993335]" name="getResult" is-config="true" duration-ms="12" started-at="2020-05-24T11:09:00 IST" finished-at="2020-05-24T11:09:00 IST">
          <params>
            <param index="0">
              <value>
                <![CDATA[[TestResult name=getJiraTestSteptatus status=FAILURE method=GetAPITests.getJiraTestSteptatus(java.lang.String, java.lang.String, java.lang.String, java.lang.String)[pri:0, instance:com.niit.jiraApiTest.GetAPITests@49993335] output={null}]]]>
              </value>
            </param>
          </params>
          <reporter-output>
          </reporter-output>
        </test-method> <!-- getResult -->
        <test-method status="PASS" signature="teardown()[pri:0, instance:com.niit.jiraApiTest.GetAPITests@49993335]" name="teardown" is-config="true" duration-ms="2464" started-at="2020-05-24T11:09:00 IST" finished-at="2020-05-24T11:09:03 IST">
          <reporter-output>
          </reporter-output>
        </test-method> <!-- teardown -->
      </class> <!-- com.niit.jiraApiTest.GetAPITests -->
    </test> <!-- Command line test -->
  </suite> <!-- com.niit.jiraApiTest.GetAPITests -->
</testng-results>
