<?xml version="1.0" encoding="UTF-8"?>
<testsuite xmlns:xsi="http://www.w3.org/2001/XMLSchema-instance" xsi:noNamespaceSchemaLocation="https://maven.apache.org/surefire/maven-surefire-plugin/xsd/surefire-test-report.xsd" name="TestSuite" time="9.594" tests="2" errors="0" skipped="0" failures="2">
  <properties>
[...]
</properties>
  <testcase name="getJiraTestSteptatus" classname="jiraApiTest.GetAPITests" time="4.636">
    <failure message="expected [403] but found [200]" type="java.lang.AssertionError">java.lang.AssertionError: expected [403] but found [200]
	at jiraApiTest.GetAPITests.getJiraTestSteptatus(GetAPITests.java:47)
</failure>
    <system-out><![CDATA[/rest/raven/1.0/api/settings/teststepstatuses
Content-Typeapplicationjson
/rest/raven/1.0/api/settings/teststepstatuses
Content-Typeapplicationjson
]]></system-out>
  </testcase>
  <testcase name="getJiraTestSteptatus" classname="jiraApiTest.GetAPITests" time="1.057">
    <failure message="expected [403] but found [200]" type="java.lang.AssertionError">java.lang.AssertionError: expected [403] but found [200]
	at jiraApiTest.GetAPITests.getJiraTestSteptatus(GetAPITests.java:47)
</failure>
  </testcase>
</testsuite>